[debug] [2024-02-20T11:29:58.988Z] ----------------------------------------------------------------------
[debug] [2024-02-20T11:29:58.994Z] Command:       C:\Program Files\nodejs\node.exe C:\Users\moune\AppData\Roaming\npm\node_modules\firebase-tools\lib\bin\firebase.js init
[debug] [2024-02-20T11:29:58.994Z] CLI Version:   13.3.0
[debug] [2024-02-20T11:29:58.995Z] Platform:      win32
[debug] [2024-02-20T11:29:58.995Z] Node Version:  v20.11.0
[debug] [2024-02-20T11:29:58.995Z] Time:          Tue Feb 20 2024 16:59:58 GMT+0530 (India Standard Time)
[debug] [2024-02-20T11:29:58.996Z] ----------------------------------------------------------------------
[debug] 
[debug] [2024-02-20T11:29:59.184Z] > command requires scopes: ["email","openid","https://www.googleapis.com/auth/cloudplatformprojects.readonly","https://www.googleapis.com/auth/firebase","https://www.googleapis.com/auth/cloud-platform"]
[debug] [2024-02-20T11:29:59.185Z] > authorizing via signed-in user (mouneshrebel60@gmail.com)
[info] 
     ######## #### ########  ######## ########     ###     ######  ########
     ##        ##  ##     ## ##       ##     ##  ##   ##  ##       ##
     ######    ##  ########  ######   ########  #########  ######  ######
     ##        ##  ##    ##  ##       ##     ## ##     ##       ## ##
     ##       #### ##     ## ######## ########  ##     ##  ######  ########

You're about to initialize a Firebase project in this directory:

  C:\Users\moune\OneDrive\Desktop\amzonclone

Before we get started, keep in mind:

  * You are initializing within an existing Firebase project directory

